  can1  123   [1]  12
  can1  123   [3]  11 22 33
  can1  123   [1]  12
  can1  123   [3]  11 22 33
  can1  123   [4]  11 22 33 44
  can1  123   [3]  11 22 33
  can1  123   [4]  11 22 33 44
  can1  123   [1]  12
  can1  123   [3]  11 22 33
  can1  123   [1]  12
  can1  123   [4]  11 22 33 44
  can1  123   [3]  11 22 33
  can1  123   [4]  11 22 33 44
  can1  123   [3]  11 22 33
  can1  123   [4]  11 22 33 44
  can1  123   [3]  11 22 33
  can1  123   [1]  12
  can1  123   [3]  11 22 33
  can1  123   [1]  12
  can1  123   [3]  11 22 33
  can1  123   [4]  11 22 33 44
  can1  123   [3]  11 22 33
  can1  123   [4]  11 22 33 44
  can1  123   [3]  11 22 33
